This file contains any messages produced by compilers while
running configure, to aid debugging if configure makes a mistake.

It was created by configure, which was
generated by GNU Autoconf 2.63.  Invocation command line was

  $ ./configure 

## --------- ##
## Platform. ##
## --------- ##

hostname = ubuntu
uname -m = x86_64
uname -r = 4.4.0-28-generic
uname -s = Linux
uname -v = #47-Ubuntu SMP Fri Jun 24 10:09:13 UTC 2016

/usr/bin/uname -p = unknown
/bin/uname -X     = unknown

/bin/arch              = unknown
/usr/bin/arch -k       = unknown
/usr/convex/getsysinfo = unknown
/usr/bin/hostinfo      = unknown
/bin/machine           = unknown
/usr/bin/oslevel       = unknown
/bin/universe          = unknown

PATH: /home/wsmith/pebble-dev/pebble-sdk-4.2-linux64/bin
PATH: /home/wsmith/pebble-dev/pebble-sdk-4.2-linux64/bin
PATH: /usr/local/sbin
PATH: /usr/local/bin
PATH: /usr/sbin
PATH: /usr/bin
PATH: /sbin
PATH: /bin
PATH: /usr/games
PATH: /usr/local/games
PATH: /snap/bin
PATH: /snap/bin


## ----------- ##
## Core tests. ##
## ----------- ##

configure:2096: checking build system type
configure:2114: result: x86_64-unknown-linux-gnu
configure:2136: checking host system type
configure:2151: result: x86_64-unknown-linux-gnu
configure:2173: checking target system type
configure:2188: result: x86_64-unknown-linux-gnu
configure:2268: checking for a BSD-compatible install
configure:2336: result: /usr/bin/install -c
configure:2347: checking whether build environment is sane
configure:2390: result: yes
configure:2415: checking for a thread-safe mkdir -p
configure:2454: result: /bin/mkdir -p
configure:2467: checking for gawk
configure:2483: found /usr/bin/gawk
configure:2494: result: gawk
configure:2505: checking whether make sets $(MAKE)
configure:2527: result: yes
configure:2761: checking for gcc
configure:2777: found /usr/bin/gcc
configure:2788: result: gcc
configure:3020: checking for C compiler version
configure:3028: gcc --version >&5
gcc (Ubuntu 5.3.1-14ubuntu2.1) 5.3.1 20160413
Copyright (C) 2015 Free Software Foundation, Inc.
This is free software; see the source for copying conditions.  There is NO
warranty; not even for MERCHANTABILITY or FITNESS FOR A PARTICULAR PURPOSE.

configure:3032: $? = 0
configure:3039: gcc -v >&5
Using built-in specs.
COLLECT_GCC=gcc
COLLECT_LTO_WRAPPER=/usr/lib/gcc/x86_64-linux-gnu/5/lto-wrapper
Target: x86_64-linux-gnu
Configured with: ../src/configure -v --with-pkgversion='Ubuntu 5.3.1-14ubuntu2.1' --with-bugurl=file:///usr/share/doc/gcc-5/README.Bugs --enable-languages=c,ada,c++,java,go,d,fortran,objc,obj-c++ --prefix=/usr --program-suffix=-5 --enable-shared --enable-linker-build-id --libexecdir=/usr/lib --without-included-gettext --enable-threads=posix --libdir=/usr/lib --enable-nls --with-sysroot=/ --enable-clocale=gnu --enable-libstdcxx-debug --enable-libstdcxx-time=yes --with-default-libstdcxx-abi=new --enable-gnu-unique-object --disable-vtable-verify --enable-libmpx --enable-plugin --with-system-zlib --disable-browser-plugin --enable-java-awt=gtk --enable-gtk-cairo --with-java-home=/usr/lib/jvm/java-1.5.0-gcj-5-amd64/jre --enable-java-home --with-jvm-root-dir=/usr/lib/jvm/java-1.5.0-gcj-5-amd64 --with-jvm-jar-dir=/usr/lib/jvm-exports/java-1.5.0-gcj-5-amd64 --with-arch-directory=amd64 --with-ecj-jar=/usr/share/java/eclipse-ecj.jar --enable-objc-gc --enable-multiarch --disable-werror --with-arch-32=i686 --with-abi=m64 --with-multilib-list=m32,m64,mx32 --enable-multilib --with-tune=generic --enable-checking=release --build=x86_64-linux-gnu --host=x86_64-linux-gnu --target=x86_64-linux-gnu
Thread model: posix
gcc version 5.3.1 20160413 (Ubuntu 5.3.1-14ubuntu2.1) 
configure:3043: $? = 0
configure:3050: gcc -V >&5
gcc: error: unrecognized command line option '-V'
gcc: fatal error: no input files
compilation terminated.
configure:3054: $? = 1
configure:3077: checking for C compiler default output file name
configure:3099: gcc    conftest.c  >&5
configure:3103: $? = 0
configure:3141: result: a.out
configure:3160: checking whether the C compiler works
configure:3170: ./a.out
configure:3174: $? = 0
configure:3193: result: yes
configure:3200: checking whether we are cross compiling
configure:3202: result: no
configure:3205: checking for suffix of executables
configure:3212: gcc -o conftest    conftest.c  >&5
configure:3216: $? = 0
configure:3242: result: 
configure:3248: checking for suffix of object files
configure:3274: gcc -c   conftest.c >&5
configure:3278: $? = 0
configure:3303: result: o
configure:3307: checking whether we are using the GNU C compiler
configure:3336: gcc -c   conftest.c >&5
configure:3343: $? = 0
configure:3360: result: yes
configure:3369: checking whether gcc accepts -g
configure:3399: gcc -c -g  conftest.c >&5
configure:3406: $? = 0
configure:3507: result: yes
configure:3524: checking for gcc option to accept ISO C89
configure:3598: gcc  -c -g -O2  conftest.c >&5
configure:3605: $? = 0
configure:3628: result: none needed
configure:3657: checking for style of include used by make
configure:3685: result: GNU
configure:3710: checking dependency style of gcc
configure:3801: result: gcc3
configure:3874: checking for g++
configure:3890: found /usr/bin/g++
configure:3901: result: g++
configure:3928: checking for C++ compiler version
configure:3936: g++ --version >&5
g++ (Ubuntu 5.3.1-14ubuntu2.1) 5.3.1 20160413
Copyright (C) 2015 Free Software Foundation, Inc.
This is free software; see the source for copying conditions.  There is NO
warranty; not even for MERCHANTABILITY or FITNESS FOR A PARTICULAR PURPOSE.

configure:3940: $? = 0
configure:3947: g++ -v >&5
Using built-in specs.
COLLECT_GCC=g++
COLLECT_LTO_WRAPPER=/usr/lib/gcc/x86_64-linux-gnu/5/lto-wrapper
Target: x86_64-linux-gnu
Configured with: ../src/configure -v --with-pkgversion='Ubuntu 5.3.1-14ubuntu2.1' --with-bugurl=file:///usr/share/doc/gcc-5/README.Bugs --enable-languages=c,ada,c++,java,go,d,fortran,objc,obj-c++ --prefix=/usr --program-suffix=-5 --enable-shared --enable-linker-build-id --libexecdir=/usr/lib --without-included-gettext --enable-threads=posix --libdir=/usr/lib --enable-nls --with-sysroot=/ --enable-clocale=gnu --enable-libstdcxx-debug --enable-libstdcxx-time=yes --with-default-libstdcxx-abi=new --enable-gnu-unique-object --disable-vtable-verify --enable-libmpx --enable-plugin --with-system-zlib --disable-browser-plugin --enable-java-awt=gtk --enable-gtk-cairo --with-java-home=/usr/lib/jvm/java-1.5.0-gcj-5-amd64/jre --enable-java-home --with-jvm-root-dir=/usr/lib/jvm/java-1.5.0-gcj-5-amd64 --with-jvm-jar-dir=/usr/lib/jvm-exports/java-1.5.0-gcj-5-amd64 --with-arch-directory=amd64 --with-ecj-jar=/usr/share/java/eclipse-ecj.jar --enable-objc-gc --enable-multiarch --disable-werror --with-arch-32=i686 --with-abi=m64 --with-multilib-list=m32,m64,mx32 --enable-multilib --with-tune=generic --enable-checking=release --build=x86_64-linux-gnu --host=x86_64-linux-gnu --target=x86_64-linux-gnu
Thread model: posix
gcc version 5.3.1 20160413 (Ubuntu 5.3.1-14ubuntu2.1) 
configure:3951: $? = 0
configure:3958: g++ -V >&5
g++: error: unrecognized command line option '-V'
g++: fatal error: no input files
compilation terminated.
configure:3962: $? = 1
configure:3965: checking whether we are using the GNU C++ compiler
configure:3994: g++ -c   conftest.cpp >&5
configure:4001: $? = 0
configure:4018: result: yes
configure:4027: checking whether g++ accepts -g
configure:4057: g++ -c -g  conftest.cpp >&5
configure:4064: $? = 0
configure:4165: result: yes
configure:4190: checking dependency style of g++
configure:4281: result: gcc3
configure:4321: checking for a sed that does not truncate output
configure:4387: result: /bin/sed
configure:4405: checking for grep that handles long lines and -e
configure:4465: result: /bin/grep
configure:4470: checking for egrep
configure:4534: result: /bin/grep -E
configure:4539: checking for fgrep
configure:4603: result: /bin/grep -F
configure:4638: checking for ld used by gcc
configure:4705: result: /usr/bin/ld
configure:4714: checking if the linker (/usr/bin/ld) is GNU ld
configure:4729: result: yes
configure:4741: checking for BSD- or MS-compatible name lister (nm)
configure:4790: result: /usr/bin/nm -B
configure:4908: checking the name lister (/usr/bin/nm -B) interface
configure:4915: gcc -c -g -O2  conftest.c >&5
configure:4918: /usr/bin/nm -B "conftest.o"
configure:4921: output
0000000000000000 B some_variable
configure:4928: result: BSD nm
configure:4931: checking whether ln -s works
configure:4935: result: yes
configure:4943: checking the maximum length of command line arguments
configure:5063: result: 1572864
configure:5080: checking whether the shell understands some XSI constructs
configure:5090: result: yes
configure:5094: checking whether the shell understands "+="
configure:5100: result: yes
configure:5135: checking for /usr/bin/ld option to reload object files
configure:5142: result: -r
configure:5211: checking for objdump
configure:5227: found /usr/bin/objdump
configure:5238: result: objdump
configure:5270: checking how to recognize dependent libraries
configure:5466: result: pass_all
configure:5526: checking for ar
configure:5542: found /usr/bin/ar
configure:5553: result: ar
configure:5631: checking for strip
configure:5647: found /usr/bin/strip
configure:5658: result: strip
configure:5730: checking for ranlib
configure:5746: found /usr/bin/ranlib
configure:5757: result: ranlib
configure:5847: checking command to parse /usr/bin/nm -B output from gcc object
configure:5965: gcc -c -g -O2  conftest.c >&5
configure:5968: $? = 0
configure:5972: /usr/bin/nm -B conftest.o \| sed -n -e 's/^.*[	 ]\([ABCDGIRSTW][ABCDGIRSTW]*\)[	 ][	 ]*\([_A-Za-z][_A-Za-z0-9]*\)$/\1 \2 \2/p' \> conftest.nm
configure:5975: $? = 0
configure:6029: gcc -o conftest -g -O2   conftest.c conftstm.o >&5
configure:6032: $? = 0
configure:6070: result: ok
configure:6166: gcc -c -g -O2  conftest.c >&5
configure:6169: $? = 0
configure:6937: checking how to run the C preprocessor
configure:6977: gcc -E  conftest.c
configure:6984: $? = 0
configure:7015: gcc -E  conftest.c
conftest.c:10:28: fatal error: ac_nonexistent.h: No such file or directory
compilation terminated.
configure:7022: $? = 1
configure: failed program was:
| /* confdefs.h.  */
| #define PACKAGE_NAME ""
| #define PACKAGE_TARNAME ""
| #define PACKAGE_VERSION ""
| #define PACKAGE_STRING ""
| #define PACKAGE_BUGREPORT ""
| #define PACKAGE "libfov"
| #define VERSION "1.0.4"
| /* end confdefs.h.  */
| #include <ac_nonexistent.h>
configure:7055: result: gcc -E
configure:7084: gcc -E  conftest.c
configure:7091: $? = 0
configure:7122: gcc -E  conftest.c
conftest.c:10:28: fatal error: ac_nonexistent.h: No such file or directory
compilation terminated.
configure:7129: $? = 1
configure: failed program was:
| /* confdefs.h.  */
| #define PACKAGE_NAME ""
| #define PACKAGE_TARNAME ""
| #define PACKAGE_VERSION ""
| #define PACKAGE_STRING ""
| #define PACKAGE_BUGREPORT ""
| #define PACKAGE "libfov"
| #define VERSION "1.0.4"
| /* end confdefs.h.  */
| #include <ac_nonexistent.h>
configure:7169: checking for ANSI C header files
configure:7199: gcc -c -g -O2  conftest.c >&5
configure:7206: $? = 0
configure:7305: gcc -o conftest -g -O2   conftest.c  >&5
configure:7309: $? = 0
configure:7315: ./conftest
configure:7319: $? = 0
configure:7337: result: yes
configure:7361: checking for sys/types.h
configure:7382: gcc -c -g -O2  conftest.c >&5
configure:7389: $? = 0
configure:7406: result: yes
configure:7361: checking for sys/stat.h
configure:7382: gcc -c -g -O2  conftest.c >&5
configure:7389: $? = 0
configure:7406: result: yes
configure:7361: checking for stdlib.h
configure:7382: gcc -c -g -O2  conftest.c >&5
configure:7389: $? = 0
configure:7406: result: yes
configure:7361: checking for string.h
configure:7382: gcc -c -g -O2  conftest.c >&5
configure:7389: $? = 0
configure:7406: result: yes
configure:7361: checking for memory.h
configure:7382: gcc -c -g -O2  conftest.c >&5
configure:7389: $? = 0
configure:7406: result: yes
configure:7361: checking for strings.h
configure:7382: gcc -c -g -O2  conftest.c >&5
configure:7389: $? = 0
configure:7406: result: yes
configure:7361: checking for inttypes.h
configure:7382: gcc -c -g -O2  conftest.c >&5
configure:7389: $? = 0
configure:7406: result: yes
configure:7361: checking for stdint.h
configure:7382: gcc -c -g -O2  conftest.c >&5
configure:7389: $? = 0
configure:7406: result: yes
configure:7361: checking for unistd.h
configure:7382: gcc -c -g -O2  conftest.c >&5
configure:7389: $? = 0
configure:7406: result: yes
configure:7424: checking for dlfcn.h
configure:7445: gcc -c -g -O2  conftest.c >&5
configure:7452: $? = 0
configure:7469: result: yes
configure:7596: checking for C++ compiler version
configure:7604: g++ --version >&5
g++ (Ubuntu 5.3.1-14ubuntu2.1) 5.3.1 20160413
Copyright (C) 2015 Free Software Foundation, Inc.
This is free software; see the source for copying conditions.  There is NO
warranty; not even for MERCHANTABILITY or FITNESS FOR A PARTICULAR PURPOSE.

configure:7608: $? = 0
configure:7615: g++ -v >&5
Using built-in specs.
COLLECT_GCC=g++
COLLECT_LTO_WRAPPER=/usr/lib/gcc/x86_64-linux-gnu/5/lto-wrapper
Target: x86_64-linux-gnu
Configured with: ../src/configure -v --with-pkgversion='Ubuntu 5.3.1-14ubuntu2.1' --with-bugurl=file:///usr/share/doc/gcc-5/README.Bugs --enable-languages=c,ada,c++,java,go,d,fortran,objc,obj-c++ --prefix=/usr --program-suffix=-5 --enable-shared --enable-linker-build-id --libexecdir=/usr/lib --without-included-gettext --enable-threads=posix --libdir=/usr/lib --enable-nls --with-sysroot=/ --enable-clocale=gnu --enable-libstdcxx-debug --enable-libstdcxx-time=yes --with-default-libstdcxx-abi=new --enable-gnu-unique-object --disable-vtable-verify --enable-libmpx --enable-plugin --with-system-zlib --disable-browser-plugin --enable-java-awt=gtk --enable-gtk-cairo --with-java-home=/usr/lib/jvm/java-1.5.0-gcj-5-amd64/jre --enable-java-home --with-jvm-root-dir=/usr/lib/jvm/java-1.5.0-gcj-5-amd64 --with-jvm-jar-dir=/usr/lib/jvm-exports/java-1.5.0-gcj-5-amd64 --with-arch-directory=amd64 --with-ecj-jar=/usr/share/java/eclipse-ecj.jar --enable-objc-gc --enable-multiarch --disable-werror --with-arch-32=i686 --with-abi=m64 --with-multilib-list=m32,m64,mx32 --enable-multilib --with-tune=generic --enable-checking=release --build=x86_64-linux-gnu --host=x86_64-linux-gnu --target=x86_64-linux-gnu
Thread model: posix
gcc version 5.3.1 20160413 (Ubuntu 5.3.1-14ubuntu2.1) 
configure:7619: $? = 0
configure:7626: g++ -V >&5
g++: error: unrecognized command line option '-V'
g++: fatal error: no input files
compilation terminated.
configure:7630: $? = 1
configure:7633: checking whether we are using the GNU C++ compiler
configure:7686: result: yes
configure:7695: checking whether g++ accepts -g
configure:7833: result: yes
configure:7858: checking dependency style of g++
configure:7949: result: gcc3
configure:7972: checking how to run the C++ preprocessor
configure:8008: g++ -E  conftest.cpp
configure:8015: $? = 0
configure:8046: g++ -E  conftest.cpp
conftest.cpp:21:28: fatal error: ac_nonexistent.h: No such file or directory
compilation terminated.
configure:8053: $? = 1
configure: failed program was:
| /* confdefs.h.  */
| #define PACKAGE_NAME ""
| #define PACKAGE_TARNAME ""
| #define PACKAGE_VERSION ""
| #define PACKAGE_STRING ""
| #define PACKAGE_BUGREPORT ""
| #define PACKAGE "libfov"
| #define VERSION "1.0.4"
| #define STDC_HEADERS 1
| #define HAVE_SYS_TYPES_H 1
| #define HAVE_SYS_STAT_H 1
| #define HAVE_STDLIB_H 1
| #define HAVE_STRING_H 1
| #define HAVE_MEMORY_H 1
| #define HAVE_STRINGS_H 1
| #define HAVE_INTTYPES_H 1
| #define HAVE_STDINT_H 1
| #define HAVE_UNISTD_H 1
| #define HAVE_DLFCN_H 1
| /* end confdefs.h.  */
| #include <ac_nonexistent.h>
configure:8086: result: g++ -E
configure:8115: g++ -E  conftest.cpp
configure:8122: $? = 0
configure:8153: g++ -E  conftest.cpp
conftest.cpp:21:28: fatal error: ac_nonexistent.h: No such file or directory
compilation terminated.
configure:8160: $? = 1
configure: failed program was:
| /* confdefs.h.  */
| #define PACKAGE_NAME ""
| #define PACKAGE_TARNAME ""
| #define PACKAGE_VERSION ""
| #define PACKAGE_STRING ""
| #define PACKAGE_BUGREPORT ""
| #define PACKAGE "libfov"
| #define VERSION "1.0.4"
| #define STDC_HEADERS 1
| #define HAVE_SYS_TYPES_H 1
| #define HAVE_SYS_STAT_H 1
| #define HAVE_STDLIB_H 1
| #define HAVE_STRING_H 1
| #define HAVE_MEMORY_H 1
| #define HAVE_STRINGS_H 1
| #define HAVE_INTTYPES_H 1
| #define HAVE_STDINT_H 1
| #define HAVE_UNISTD_H 1
| #define HAVE_DLFCN_H 1
| /* end confdefs.h.  */
| #include <ac_nonexistent.h>
configure:8374: checking for objdir
configure:8389: result: .libs
configure:8681: checking if gcc supports -fno-rtti -fno-exceptions
configure:8699: gcc -c -g -O2  -fno-rtti -fno-exceptions conftest.c >&5
cc1: warning: command line option '-fno-rtti' is valid for C++/ObjC++ but not for C
configure:8703: $? = 0
configure:8716: result: no
configure:8736: checking for gcc option to produce PIC
configure:9008: result: -fPIC -DPIC
configure:9020: checking if gcc PIC flag -fPIC -DPIC works
configure:9038: gcc -c -g -O2  -fPIC -DPIC -DPIC conftest.c >&5
configure:9042: $? = 0
configure:9055: result: yes
configure:9079: checking if gcc static flag -static works
configure:9107: result: yes
configure:9122: checking if gcc supports -c -o file.o
configure:9143: gcc -c -g -O2  -o out/conftest2.o conftest.c >&5
configure:9147: $? = 0
configure:9169: result: yes
configure:9177: checking if gcc supports -c -o file.o
configure:9224: result: yes
configure:9257: checking whether the gcc linker (/usr/bin/ld -m elf_x86_64) supports shared libraries
configure:10332: result: yes
configure:10369: checking whether -lc should be explicitly linked in
configure:10374: gcc -c -g -O2  conftest.c >&5
configure:10377: $? = 0
configure:10392: gcc -shared conftest.o  -v -Wl,-soname -Wl,conftest -o conftest 2\>\&1 \| /bin/grep  -lc  \>/dev/null 2\>\&1
configure:10395: $? = 0
configure:10407: result: no
configure:10571: checking dynamic linker characteristics
configure:11014: gcc -o conftest -g -O2   -Wl,-rpath -Wl,/foo conftest.c  >&5
configure:11021: $? = 0
configure:11266: result: GNU/Linux ld.so
configure:11368: checking how to hardcode library paths into programs
configure:11393: result: immediate
configure:12226: checking whether stripping libraries is possible
configure:12231: result: yes
configure:12266: checking if libtool supports shared libraries
configure:12268: result: yes
configure:12271: checking whether to build shared libraries
configure:12292: result: yes
configure:12295: checking whether to build static libraries
configure:12299: result: yes
configure:12449: checking for ld used by g++
configure:12516: result: /usr/bin/ld -m elf_x86_64
configure:12525: checking if the linker (/usr/bin/ld -m elf_x86_64) is GNU ld
configure:12540: result: yes
configure:12595: checking whether the g++ linker (/usr/bin/ld -m elf_x86_64) supports shared libraries
configure:13570: result: yes
configure:13598: g++ -c -g -O2  conftest.cpp >&5
configure:13601: $? = 0
configure:13783: checking for g++ option to produce PIC
configure:14100: result: -fPIC -DPIC
configure:14109: checking if g++ PIC flag -fPIC -DPIC works
configure:14127: g++ -c -g -O2  -fPIC -DPIC -DPIC conftest.cpp >&5
configure:14131: $? = 0
configure:14144: result: yes
configure:14165: checking if g++ static flag -static works
configure:14193: result: yes
configure:14205: checking if g++ supports -c -o file.o
configure:14226: g++ -c -g -O2  -o out/conftest2.o conftest.cpp >&5
configure:14230: $? = 0
configure:14252: result: yes
configure:14257: checking if g++ supports -c -o file.o
configure:14304: result: yes
configure:14334: checking whether the g++ linker (/usr/bin/ld -m elf_x86_64) supports shared libraries
configure:14363: result: yes
configure:14500: checking dynamic linker characteristics
configure:14891: g++ -o conftest -g -O2   -Wl,-rpath -Wl,/foo conftest.cpp  >&5
configure:14898: $? = 0
configure:15143: result: GNU/Linux ld.so
configure:15194: checking how to hardcode library paths into programs
configure:15219: result: immediate
configure:15395: checking for doxygen
configure:15423: result: no
configure:15501: checking for sdl-config
configure:15532: result: no
configure:15541: checking for SDL - version >= 1.0.8
configure:15686: result: no
configure:15788: checking for initscr in -lcurses
configure:15823: g++ -o conftest -g -O2   conftest.cpp -lcurses   >&5
configure:15830: $? = 0
configure:15851: result: yes
configure:15876: checking for pow in -lm
configure:15911: g++ -o conftest -g -O2   conftest.cpp -lm   >&5
configure:15918: $? = 0
configure:15939: result: yes
configure:15960: checking for ANSI C header files
configure:16128: result: yes
configure:16160: checking math.h usability
configure:16177: g++ -c -g -O2  conftest.cpp >&5
configure:16184: $? = 0
configure:16198: result: yes
configure:16202: checking math.h presence
configure:16217: g++ -E  conftest.cpp
configure:16224: $? = 0
configure:16238: result: yes
configure:16266: checking for math.h
configure:16275: result: yes
configure:16149: checking for string.h
configure:16156: result: yes
configure:16160: checking limits.h usability
configure:16177: g++ -c -g -O2  conftest.cpp >&5
configure:16184: $? = 0
configure:16198: result: yes
configure:16202: checking limits.h presence
configure:16217: g++ -E  conftest.cpp
configure:16224: $? = 0
configure:16238: result: yes
configure:16266: checking for limits.h
configure:16275: result: yes
configure:16160: checking stdbool.h usability
configure:16177: g++ -c -g -O2  conftest.cpp >&5
configure:16184: $? = 0
configure:16198: result: yes
configure:16202: checking stdbool.h presence
configure:16217: g++ -E  conftest.cpp
configure:16224: $? = 0
configure:16238: result: yes
configure:16266: checking for stdbool.h
configure:16275: result: yes
configure:16160: checking stddef.h usability
configure:16177: g++ -c -g -O2  conftest.cpp >&5
configure:16184: $? = 0
configure:16198: result: yes
configure:16202: checking stddef.h presence
configure:16217: g++ -E  conftest.cpp
configure:16224: $? = 0
configure:16238: result: yes
configure:16266: checking for stddef.h
configure:16275: result: yes
configure:16160: checking assert.h usability
configure:16177: g++ -c -g -O2  conftest.cpp >&5
configure:16184: $? = 0
configure:16198: result: yes
configure:16202: checking assert.h presence
configure:16217: g++ -E  conftest.cpp
configure:16224: $? = 0
configure:16238: result: yes
configure:16266: checking for assert.h
configure:16275: result: yes
configure:16160: checking float.h usability
configure:16177: g++ -c -g -O2  conftest.cpp >&5
configure:16184: $? = 0
configure:16198: result: yes
configure:16202: checking float.h presence
configure:16217: g++ -E  conftest.cpp
configure:16224: $? = 0
configure:16238: result: yes
configure:16266: checking for float.h
configure:16275: result: yes
configure:16473: creating ./config.status

## ---------------------- ##
## Running config.status. ##
## ---------------------- ##

This file was extended by config.status, which was
generated by GNU Autoconf 2.63.  Invocation command line was

  CONFIG_FILES    = 
  CONFIG_HEADERS  = 
  CONFIG_LINKS    = 
  CONFIG_COMMANDS = 
  $ ./config.status 

on ubuntu

config.status:1080: creating Makefile
config.status:1080: creating libfov.pc
config.status:1080: creating fov/Makefile
config.status:1080: creating tests/Makefile
config.status:1080: creating examples/Makefile
config.status:1080: creating docs/Makefile
config.status:1080: creating fov/config.h
config.status:1354: executing depfiles commands
config.status:1354: executing libtool commands
configure:18969: result: Debugging      : no
configure:18971: result: Profiling      : no
configure:18973: result: Documentation  : no

## ---------------- ##
## Cache variables. ##
## ---------------- ##

ac_cv_build=x86_64-unknown-linux-gnu
ac_cv_c_compiler_gnu=yes
ac_cv_cxx_compiler_gnu=yes
ac_cv_env_CCC_set=
ac_cv_env_CCC_value=
ac_cv_env_CC_set=
ac_cv_env_CC_value=
ac_cv_env_CFLAGS_set=
ac_cv_env_CFLAGS_value=
ac_cv_env_CPPFLAGS_set=
ac_cv_env_CPPFLAGS_value=
ac_cv_env_CPP_set=
ac_cv_env_CPP_value=
ac_cv_env_CXXCPP_set=
ac_cv_env_CXXCPP_value=
ac_cv_env_CXXFLAGS_set=
ac_cv_env_CXXFLAGS_value=
ac_cv_env_CXX_set=
ac_cv_env_CXX_value=
ac_cv_env_LDFLAGS_set=
ac_cv_env_LDFLAGS_value=
ac_cv_env_LIBS_set=
ac_cv_env_LIBS_value=
ac_cv_env_build_alias_set=
ac_cv_env_build_alias_value=
ac_cv_env_host_alias_set=
ac_cv_env_host_alias_value=
ac_cv_env_target_alias_set=
ac_cv_env_target_alias_value=
ac_cv_header_assert_h=yes
ac_cv_header_dlfcn_h=yes
ac_cv_header_float_h=yes
ac_cv_header_inttypes_h=yes
ac_cv_header_limits_h=yes
ac_cv_header_math_h=yes
ac_cv_header_memory_h=yes
ac_cv_header_stdbool_h=yes
ac_cv_header_stdc=yes
ac_cv_header_stddef_h=yes
ac_cv_header_stdint_h=yes
ac_cv_header_stdlib_h=yes
ac_cv_header_string_h=yes
ac_cv_header_strings_h=yes
ac_cv_header_sys_stat_h=yes
ac_cv_header_sys_types_h=yes
ac_cv_header_unistd_h=yes
ac_cv_host=x86_64-unknown-linux-gnu
ac_cv_lib_curses_initscr=yes
ac_cv_lib_m_pow=yes
ac_cv_objext=o
ac_cv_path_EGREP='/bin/grep -E'
ac_cv_path_FGREP='/bin/grep -F'
ac_cv_path_GREP=/bin/grep
ac_cv_path_SDL_CONFIG=no
ac_cv_path_SED=/bin/sed
ac_cv_path_install='/usr/bin/install -c'
ac_cv_path_mkdir=/bin/mkdir
ac_cv_prog_AWK=gawk
ac_cv_prog_CPP='gcc -E'
ac_cv_prog_CXXCPP='g++ -E'
ac_cv_prog_ac_ct_AR=ar
ac_cv_prog_ac_ct_CC=gcc
ac_cv_prog_ac_ct_CXX=g++
ac_cv_prog_ac_ct_OBJDUMP=objdump
ac_cv_prog_ac_ct_RANLIB=ranlib
ac_cv_prog_ac_ct_STRIP=strip
ac_cv_prog_cc_c89=
ac_cv_prog_cc_g=yes
ac_cv_prog_cxx_g=yes
ac_cv_prog_doxygen=no
ac_cv_prog_make_make_set=yes
ac_cv_target=x86_64-unknown-linux-gnu
am_cv_CC_dependencies_compiler_type=gcc3
am_cv_CXX_dependencies_compiler_type=gcc3
lt_cv_deplibs_check_method=pass_all
lt_cv_file_magic_cmd='$MAGIC_CMD'
lt_cv_file_magic_test_file=
lt_cv_ld_reload_flag=-r
lt_cv_nm_interface='BSD nm'
lt_cv_objdir=.libs
lt_cv_path_LD=/usr/bin/ld
lt_cv_path_LDCXX='/usr/bin/ld -m elf_x86_64'
lt_cv_path_NM='/usr/bin/nm -B'
lt_cv_prog_compiler_c_o=yes
lt_cv_prog_compiler_c_o_CXX=yes
lt_cv_prog_compiler_pic_works=yes
lt_cv_prog_compiler_pic_works_CXX=yes
lt_cv_prog_compiler_rtti_exceptions=no
lt_cv_prog_compiler_static_works=yes
lt_cv_prog_compiler_static_works_CXX=yes
lt_cv_prog_gnu_ld=yes
lt_cv_prog_gnu_ldcxx=yes
lt_cv_sys_global_symbol_pipe='sed -n -e '\''s/^.*[	 ]\([ABCDGIRSTW][ABCDGIRSTW]*\)[	 ][	 ]*\([_A-Za-z][_A-Za-z0-9]*\)$/\1 \2 \2/p'\'''
lt_cv_sys_global_symbol_to_c_name_address='sed -n -e '\''s/^: \([^ ]*\) $/  {\"\1\", (void *) 0},/p'\'' -e '\''s/^[ABCDGIRSTW]* \([^ ]*\) \([^ ]*\)$/  {"\2", (void *) \&\2},/p'\'''
lt_cv_sys_global_symbol_to_c_name_address_lib_prefix='sed -n -e '\''s/^: \([^ ]*\) $/  {\"\1\", (void *) 0},/p'\'' -e '\''s/^[ABCDGIRSTW]* \([^ ]*\) \(lib[^ ]*\)$/  {"\2", (void *) \&\2},/p'\'' -e '\''s/^[ABCDGIRSTW]* \([^ ]*\) \([^ ]*\)$/  {"lib\2", (void *) \&\2},/p'\'''
lt_cv_sys_global_symbol_to_cdecl='sed -n -e '\''s/^T .* \(.*\)$/extern int \1();/p'\'' -e '\''s/^[ABCDGIRSTW]* .* \(.*\)$/extern char \1;/p'\'''
lt_cv_sys_max_cmd_len=1572864

## ----------------- ##
## Output variables. ##
## ----------------- ##

ACLOCAL='${SHELL} /home/wsmith/ncgame/libfov-1.0.4/missing --run aclocal-1.10'
AMDEPBACKSLASH='\'
AMDEP_FALSE='#'
AMDEP_TRUE=''
AMTAR='${SHELL} /home/wsmith/ncgame/libfov-1.0.4/missing --run tar'
AR='ar'
AUTOCONF='${SHELL} /home/wsmith/ncgame/libfov-1.0.4/missing --run autoconf'
AUTOHEADER='${SHELL} /home/wsmith/ncgame/libfov-1.0.4/missing --run autoheader'
AUTOMAKE='${SHELL} /home/wsmith/ncgame/libfov-1.0.4/missing --run automake-1.10'
AWK='gawk'
CC='gcc'
CCDEPMODE='depmode=gcc3'
CFLAGS='-Wall -ansi -O2'
CPP='gcc -E'
CPPFLAGS=''
CXX='g++'
CXXCPP='g++ -E'
CXXDEPMODE='depmode=gcc3'
CXXFLAGS='-g -O2'
CYGPATH_W='echo'
DEFS='-DHAVE_CONFIG_H'
DEPDIR='.deps'
DSYMUTIL=''
DUMPBIN=''
ECHO_C=''
ECHO_N='-n'
ECHO_T=''
EGREP='/bin/grep -E'
EXEEXT=''
FGREP='/bin/grep -F'
GREP='/bin/grep'
HAVE_CURSES_FALSE='#'
HAVE_CURSES_TRUE=''
HAVE_DOXYGEN_FALSE=''
HAVE_DOXYGEN_TRUE='#'
HAVE_GPROF_FALSE=''
HAVE_GPROF_TRUE='#'
HAVE_PROF_FALSE=''
HAVE_PROF_TRUE='#'
HAVE_SDL_FALSE=''
HAVE_SDL_TRUE='#'
INSTALL_DATA='${INSTALL} -m 644'
INSTALL_PROGRAM='${INSTALL}'
INSTALL_SCRIPT='${INSTALL}'
INSTALL_STRIP_PROGRAM='$(install_sh) -c -s'
LD='/usr/bin/ld -m elf_x86_64'
LDFLAGS=''
LIBFOV_LIBRARY_NAME='fov'
LIBFOV_LTVERSION='1:2:0'
LIBFOV_RELEASE='1.0.4'
LIBM='-lm'
LIBOBJS=''
LIBS=''
LIBTOOL='$(SHELL) $(top_builddir)/libtool'
LIPO=''
LN_S='ln -s'
LTLIBOBJS=''
MAKEINFO='${SHELL} /home/wsmith/ncgame/libfov-1.0.4/missing --run makeinfo'
MKDIR_P='/bin/mkdir -p'
NM='/usr/bin/nm -B'
NMEDIT=''
OBJDUMP='objdump'
OBJEXT='o'
OTOOL64=''
OTOOL=''
PACKAGE='libfov'
PACKAGE_BUGREPORT=''
PACKAGE_NAME=''
PACKAGE_STRING=''
PACKAGE_TARNAME=''
PACKAGE_VERSION=''
PATH_SEPARATOR=':'
RANLIB='ranlib'
SDL_CFLAGS=''
SDL_CONFIG='no'
SDL_LIBS=''
SED='/bin/sed'
SET_MAKE=''
SHELL='/bin/bash'
STRIP='strip'
VERSION='1.0.4'
ac_ct_CC='gcc'
ac_ct_CXX='g++'
ac_ct_DUMPBIN=''
am__fastdepCC_FALSE='#'
am__fastdepCC_TRUE=''
am__fastdepCXX_FALSE='#'
am__fastdepCXX_TRUE=''
am__include='include'
am__isrc=''
am__leading_dot='.'
am__quote=''
am__tar='${AMTAR} chof - "$$tardir"'
am__untar='${AMTAR} xf -'
bindir='${exec_prefix}/bin'
build='x86_64-unknown-linux-gnu'
build_alias=''
build_cpu='x86_64'
build_os='linux-gnu'
build_vendor='unknown'
datadir='${datarootdir}'
datarootdir='${prefix}/share'
docdir='${datarootdir}/doc/${PACKAGE}'
doxygen='no'
dvidir='${docdir}'
exec_prefix='${prefix}'
gprof=''
host='x86_64-unknown-linux-gnu'
host_alias=''
host_cpu='x86_64'
host_os='linux-gnu'
host_vendor='unknown'
htmldir='${docdir}'
includedir='${prefix}/include'
infodir='${datarootdir}/info'
install_sh='$(SHELL) /home/wsmith/ncgame/libfov-1.0.4/install-sh'
libdir='${exec_prefix}/lib'
libexecdir='${exec_prefix}/libexec'
localedir='${datarootdir}/locale'
localstatedir='${prefix}/var'
lt_ECHO='echo'
mandir='${datarootdir}/man'
mkdir_p='/bin/mkdir -p'
oldincludedir='/usr/include'
pdfdir='${docdir}'
prefix='/usr/local'
prof=''
program_transform_name='s,x,x,'
psdir='${docdir}'
sbindir='${exec_prefix}/sbin'
sharedstatedir='${prefix}/com'
sysconfdir='${prefix}/etc'
target='x86_64-unknown-linux-gnu'
target_alias=''
target_cpu='x86_64'
target_os='linux-gnu'
target_vendor='unknown'

## ----------- ##
## confdefs.h. ##
## ----------- ##

#define PACKAGE_NAME ""
#define PACKAGE_TARNAME ""
#define PACKAGE_VERSION ""
#define PACKAGE_STRING ""
#define PACKAGE_BUGREPORT ""
#define PACKAGE "libfov"
#define VERSION "1.0.4"
#define STDC_HEADERS 1
#define HAVE_SYS_TYPES_H 1
#define HAVE_SYS_STAT_H 1
#define HAVE_STDLIB_H 1
#define HAVE_STRING_H 1
#define HAVE_MEMORY_H 1
#define HAVE_STRINGS_H 1
#define HAVE_INTTYPES_H 1
#define HAVE_STDINT_H 1
#define HAVE_UNISTD_H 1
#define HAVE_DLFCN_H 1
#define LT_OBJDIR ".libs/"
#define STDC_HEADERS 1
#define HAVE_MATH_H 1
#define HAVE_STRING_H 1
#define HAVE_LIMITS_H 1
#define HAVE_STDBOOL_H 1
#define HAVE_STDDEF_H 1
#define HAVE_ASSERT_H 1
#define HAVE_FLOAT_H 1

configure: exit 0
